<?xml version="1.0" encoding="UTF-8"?>
<coverage generated="1603017671620" clover="3.2.0">
  <project timestamp="1603017671620" name="All files">
    <metrics statements="59" coveredstatements="49" conditionals="24" coveredconditionals="18" methods="18" coveredmethods="14" elements="101" coveredelements="81" complexity="0" loc="59" ncloc="59" packages="5" files="12" classes="12"/>
    <package name="src">
      <metrics statements="1" coveredstatements="1" conditionals="0" coveredconditionals="0" methods="0" coveredmethods="0"/>
      <file name="theme.js" path="C:\Koulu\MOOC Full-Stack\osa10\rate-repository-app\src\theme.js">
        <metrics statements="1" coveredstatements="1" conditionals="0" coveredconditionals="0" methods="0" coveredmethods="0"/>
        <line num="3" count="1" type="stmt"/>
      </file>
    </package>
    <package name="src.components">
      <metrics statements="6" coveredstatements="6" conditionals="16" coveredconditionals="13" methods="2" coveredmethods="2"/>
      <file name="Heading.jsx" path="C:\Koulu\MOOC Full-Stack\osa10\rate-repository-app\src\components\Heading.jsx">
        <metrics statements="2" coveredstatements="2" conditionals="0" coveredconditionals="0" methods="1" coveredmethods="1"/>
        <line num="4" count="1" type="stmt"/>
        <line num="6" count="2" type="stmt"/>
      </file>
      <file name="Text.jsx" path="C:\Koulu\MOOC Full-Stack\osa10\rate-repository-app\src\components\Text.jsx">
        <metrics statements="4" coveredstatements="4" conditionals="16" coveredconditionals="13" methods="1" coveredmethods="1"/>
        <line num="6" count="1" type="stmt"/>
        <line num="39" count="1" type="stmt"/>
        <line num="41" count="22" type="stmt"/>
        <line num="54" count="22" type="stmt"/>
      </file>
    </package>
    <package name="src.components.RepositoryList">
      <metrics statements="44" coveredstatements="38" conditionals="8" coveredconditionals="5" methods="14" coveredmethods="12"/>
      <file name="Avatar.jsx" path="C:\Koulu\MOOC Full-Stack\osa10\rate-repository-app\src\components\RepositoryList\Avatar.jsx">
        <metrics statements="3" coveredstatements="3" conditionals="0" coveredconditionals="0" methods="1" coveredmethods="1"/>
        <line num="4" count="1" type="stmt"/>
        <line num="18" count="1" type="stmt"/>
        <line num="19" count="2" type="stmt"/>
      </file>
      <file name="RepoHeadings.jsx" path="C:\Koulu\MOOC Full-Stack\osa10\rate-repository-app\src\components\RepositoryList\RepoHeadings.jsx">
        <metrics statements="3" coveredstatements="3" conditionals="0" coveredconditionals="0" methods="1" coveredmethods="1"/>
        <line num="6" count="1" type="stmt"/>
        <line num="27" count="1" type="stmt"/>
        <line num="28" count="2" type="stmt"/>
      </file>
      <file name="RepositoryDetails.jsx" path="C:\Koulu\MOOC Full-Stack\osa10\rate-repository-app\src\components\RepositoryList\RepositoryDetails.jsx">
        <metrics statements="18" coveredstatements="18" conditionals="4" coveredconditionals="4" methods="4" coveredmethods="4"/>
        <line num="5" count="1" type="stmt"/>
        <line num="18" count="1" type="stmt"/>
        <line num="19" count="8" type="cond" truecount="2" falsecount="0"/>
        <line num="20" count="5" type="stmt"/>
        <line num="22" count="3" type="cond" truecount="2" falsecount="0"/>
        <line num="23" count="2" type="stmt"/>
        <line num="24" count="2" type="stmt"/>
        <line num="25" count="2" type="stmt"/>
        <line num="27" count="1" type="stmt"/>
        <line num="28" count="1" type="stmt"/>
        <line num="29" count="1" type="stmt"/>
        <line num="31" count="1" type="stmt"/>
        <line num="34" count="1" type="stmt"/>
        <line num="35" count="8" type="stmt"/>
        <line num="44" count="1" type="stmt"/>
        <line num="46" count="2" type="stmt"/>
        <line num="65" count="2" type="stmt"/>
        <line num="68" count="8" type="stmt"/>
      </file>
      <file name="RepositoryHeader.jsx" path="C:\Koulu\MOOC Full-Stack\osa10\rate-repository-app\src\components\RepositoryList\RepositoryHeader.jsx">
        <metrics statements="3" coveredstatements="3" conditionals="0" coveredconditionals="0" methods="1" coveredmethods="1"/>
        <line num="6" count="1" type="stmt"/>
        <line num="14" count="1" type="stmt"/>
        <line num="20" count="2" type="stmt"/>
      </file>
      <file name="RepositoryItem.jsx" path="C:\Koulu\MOOC Full-Stack\osa10\rate-repository-app\src\components\RepositoryList\RepositoryItem.jsx">
        <metrics statements="3" coveredstatements="3" conditionals="0" coveredconditionals="0" methods="1" coveredmethods="1"/>
        <line num="6" count="1" type="stmt"/>
        <line num="14" count="1" type="stmt"/>
        <line num="16" count="2" type="stmt"/>
      </file>
      <file name="index.jsx" path="C:\Koulu\MOOC Full-Stack\osa10\rate-repository-app\src\components\RepositoryList\index.jsx">
        <metrics statements="14" coveredstatements="8" conditionals="4" coveredconditionals="1" methods="6" coveredmethods="4"/>
        <line num="6" count="1" type="stmt"/>
        <line num="24" count="1" type="stmt"/>
        <line num="26" count="1" type="stmt"/>
        <line num="28" count="1" type="cond" truecount="1" falsecount="1"/>
        <line num="29" count="2" type="stmt"/>
        <line num="32" count="1" type="stmt"/>
        <line num="38" count="2" type="stmt"/>
        <line num="39" count="0" type="stmt"/>
        <line num="45" count="1" type="stmt"/>
        <line num="47" count="0" type="stmt"/>
        <line num="49" count="0" type="stmt"/>
        <line num="51" count="0" type="cond" truecount="0" falsecount="2"/>
        <line num="52" count="0" type="stmt"/>
        <line num="59" count="0" type="stmt"/>
      </file>
    </package>
    <package name="src.graphql">
      <metrics statements="3" coveredstatements="3" conditionals="0" coveredconditionals="0" methods="0" coveredmethods="0"/>
      <file name="fragments.js" path="C:\Koulu\MOOC Full-Stack\osa10\rate-repository-app\src\graphql\fragments.js">
        <metrics statements="1" coveredstatements="1" conditionals="0" coveredconditionals="0" methods="0" coveredmethods="0"/>
        <line num="3" count="1" type="stmt"/>
      </file>
      <file name="queries.js" path="C:\Koulu\MOOC Full-Stack\osa10\rate-repository-app\src\graphql\queries.js">
        <metrics statements="2" coveredstatements="2" conditionals="0" coveredconditionals="0" methods="0" coveredmethods="0"/>
        <line num="4" count="1" type="stmt"/>
        <line num="13" count="1" type="stmt"/>
      </file>
    </package>
    <package name="src.hooks">
      <metrics statements="5" coveredstatements="1" conditionals="0" coveredconditionals="0" methods="2" coveredmethods="0"/>
      <file name="useRepositories.js" path="C:\Koulu\MOOC Full-Stack\osa10\rate-repository-app\src\hooks\useRepositories.js">
        <metrics statements="5" coveredstatements="1" conditionals="0" coveredconditionals="0" methods="2" coveredmethods="0"/>
        <line num="4" count="1" type="stmt"/>
        <line num="6" count="0" type="stmt"/>
        <line num="9" count="0" type="stmt"/>
        <line num="13" count="0" type="stmt"/>
        <line num="15" count="0" type="stmt"/>
      </file>
    </package>
  </project>
</coverage>
