{"C:\\Koulu\\MOOC Full-Stack\\osa10\\rate-repository-app\\src\\theme.js": {"path":"C:\\Koulu\\MOOC Full-Stack\\osa10\\rate-repository-app\\src\\theme.js","statementMap":{"0":{"start":{"line":3,"column":14},"end":{"line":29,"column":1}}},"fnMap":{},"branchMap":{},"s":{"0":1},"f":{},"b":{},"_coverageSchema":"1a1c01bbd47fc00a2c39e90264f33305004495a9","hash":"d76360e1a18f04f2cb469177985f5b3dbb882f50"}
,"C:\\Koulu\\MOOC Full-Stack\\osa10\\rate-repository-app\\src\\components\\Heading.jsx": {"path":"C:\\Koulu\\MOOC Full-Stack\\osa10\\rate-repository-app\\src\\components\\Heading.jsx","statementMap":{"0":{"start":{"line":4,"column":16},"end":{"line":9,"column":1}},"1":{"start":{"line":6,"column":2},"end":{"line":8,"column":4}}},"fnMap":{"0":{"name":"(anonymous_0)","decl":{"start":{"line":4,"column":16},"end":{"line":4,"column":17}},"loc":{"start":{"line":4,"column":44},"end":{"line":9,"column":1}},"line":4}},"branchMap":{},"s":{"0":1,"1":2},"f":{"0":2},"b":{},"_coverageSchema":"1a1c01bbd47fc00a2c39e90264f33305004495a9","hash":"9ceb2bae5a9f991cc1f5795cc4c47b1641220856"}
,"C:\\Koulu\\MOOC Full-Stack\\osa10\\rate-repository-app\\src\\components\\Text.jsx": {"path":"C:\\Koulu\\MOOC Full-Stack\\osa10\\rate-repository-app\\src\\components\\Text.jsx","statementMap":{"0":{"start":{"line":6,"column":15},"end":{"line":37,"column":2}},"1":{"start":{"line":39,"column":13},"end":{"line":55,"column":1}},"2":{"start":{"line":41,"column":20},"end":{"line":52,"column":3}},"3":{"start":{"line":54,"column":2},"end":{"line":54,"column":53}}},"fnMap":{"0":{"name":"(anonymous_0)","decl":{"start":{"line":39,"column":13},"end":{"line":39,"column":14}},"loc":{"start":{"line":39,"column":67},"end":{"line":55,"column":1}},"line":39}},"branchMap":{"0":{"loc":{"start":{"line":43,"column":4},"end":{"line":43,"column":58}},"type":"binary-expr","locations":[{"start":{"line":43,"column":4},"end":{"line":43,"column":29}},{"start":{"line":43,"column":33},"end":{"line":43,"column":58}}],"line":43},"1":{"loc":{"start":{"line":44,"column":4},"end":{"line":44,"column":46}},"type":"binary-expr","locations":[{"start":{"line":44,"column":4},"end":{"line":44,"column":23}},{"start":{"line":44,"column":27},"end":{"line":44,"column":46}}],"line":44},"2":{"loc":{"start":{"line":45,"column":4},"end":{"line":45,"column":46}},"type":"binary-expr","locations":[{"start":{"line":45,"column":4},"end":{"line":45,"column":23}},{"start":{"line":45,"column":27},"end":{"line":45,"column":46}}],"line":45},"3":{"loc":{"start":{"line":46,"column":4},"end":{"line":46,"column":51}},"type":"binary-expr","locations":[{"start":{"line":46,"column":4},"end":{"line":46,"column":28}},{"start":{"line":46,"column":32},"end":{"line":46,"column":51}}],"line":46},"4":{"loc":{"start":{"line":47,"column":4},"end":{"line":47,"column":58}},"type":"binary-expr","locations":[{"start":{"line":47,"column":4},"end":{"line":47,"column":29}},{"start":{"line":47,"column":33},"end":{"line":47,"column":58}}],"line":47},"5":{"loc":{"start":{"line":48,"column":4},"end":{"line":48,"column":52}},"type":"binary-expr","locations":[{"start":{"line":48,"column":4},"end":{"line":48,"column":26}},{"start":{"line":48,"column":30},"end":{"line":48,"column":52}}],"line":48},"6":{"loc":{"start":{"line":49,"column":4},"end":{"line":49,"column":44}},"type":"binary-expr","locations":[{"start":{"line":49,"column":4},"end":{"line":49,"column":22}},{"start":{"line":49,"column":26},"end":{"line":49,"column":44}}],"line":49},"7":{"loc":{"start":{"line":50,"column":4},"end":{"line":50,"column":50}},"type":"binary-expr","locations":[{"start":{"line":50,"column":4},"end":{"line":50,"column":25}},{"start":{"line":50,"column":29},"end":{"line":50,"column":50}}],"line":50}},"s":{"0":1,"1":1,"2":22,"3":22},"f":{"0":22},"b":{"0":[22,0],"1":[22,2],"2":[22,0],"3":[22,2],"4":[22,2],"5":[22,2],"6":[22,0],"7":[22,10]},"_coverageSchema":"1a1c01bbd47fc00a2c39e90264f33305004495a9","hash":"06c5f67f4edcdcbfb135710b24b0ccfd8c5c0d97"}
,"C:\\Koulu\\MOOC Full-Stack\\osa10\\rate-repository-app\\src\\components\\RepositoryList\\Avatar.jsx": {"path":"C:\\Koulu\\MOOC Full-Stack\\osa10\\rate-repository-app\\src\\components\\RepositoryList\\Avatar.jsx","statementMap":{"0":{"start":{"line":4,"column":15},"end":{"line":16,"column":2}},"1":{"start":{"line":18,"column":15},"end":{"line":27,"column":1}},"2":{"start":{"line":19,"column":2},"end":{"line":26,"column":4}}},"fnMap":{"0":{"name":"(anonymous_0)","decl":{"start":{"line":18,"column":15},"end":{"line":18,"column":16}},"loc":{"start":{"line":18,"column":34},"end":{"line":27,"column":1}},"line":18}},"branchMap":{},"s":{"0":1,"1":1,"2":2},"f":{"0":2},"b":{},"_coverageSchema":"1a1c01bbd47fc00a2c39e90264f33305004495a9","hash":"7231a4af8054079df2259b47f5923c98cd18a8c8"}
,"C:\\Koulu\\MOOC Full-Stack\\osa10\\rate-repository-app\\src\\components\\RepositoryList\\RepoHeadings.jsx": {"path":"C:\\Koulu\\MOOC Full-Stack\\osa10\\rate-repository-app\\src\\components\\RepositoryList\\RepoHeadings.jsx","statementMap":{"0":{"start":{"line":6,"column":15},"end":{"line":25,"column":2}},"1":{"start":{"line":27,"column":21},"end":{"line":37,"column":1}},"2":{"start":{"line":28,"column":2},"end":{"line":36,"column":4}}},"fnMap":{"0":{"name":"(anonymous_0)","decl":{"start":{"line":27,"column":21},"end":{"line":27,"column":22}},"loc":{"start":{"line":27,"column":62},"end":{"line":37,"column":1}},"line":27}},"branchMap":{},"s":{"0":1,"1":1,"2":2},"f":{"0":2},"b":{},"_coverageSchema":"1a1c01bbd47fc00a2c39e90264f33305004495a9","hash":"3703da18535f79afd7f92951ce42144a586061e7"}
,"C:\\Koulu\\MOOC Full-Stack\\osa10\\rate-repository-app\\src\\components\\RepositoryList\\RepositoryDetails.jsx": {"path":"C:\\Koulu\\MOOC Full-Stack\\osa10\\rate-repository-app\\src\\components\\RepositoryList\\RepositoryDetails.jsx","statementMap":{"0":{"start":{"line":5,"column":15},"end":{"line":16,"column":2}},"1":{"start":{"line":18,"column":24},"end":{"line":32,"column":1}},"2":{"start":{"line":19,"column":2},"end":{"line":21,"column":3}},"3":{"start":{"line":20,"column":4},"end":{"line":20,"column":18}},"4":{"start":{"line":22,"column":2},"end":{"line":26,"column":3}},"5":{"start":{"line":23,"column":22},"end":{"line":23,"column":55}},"6":{"start":{"line":24,"column":21},"end":{"line":24,"column":54}},"7":{"start":{"line":25,"column":4},"end":{"line":25,"column":49}},"8":{"start":{"line":27,"column":26},"end":{"line":27,"column":59}},"9":{"start":{"line":28,"column":20},"end":{"line":28,"column":53}},"10":{"start":{"line":29,"column":25},"end":{"line":29,"column":63}},"11":{"start":{"line":31,"column":2},"end":{"line":31,"column":30}},"12":{"start":{"line":34,"column":20},"end":{"line":41,"column":1}},"13":{"start":{"line":35,"column":2},"end":{"line":40,"column":4}},"14":{"start":{"line":44,"column":26},"end":{"line":72,"column":1}},"15":{"start":{"line":46,"column":20},"end":{"line":63,"column":3}},"16":{"start":{"line":65,"column":2},"end":{"line":71,"column":4}},"17":{"start":{"line":68,"column":8},"end":{"line":68,"column":75}}},"fnMap":{"0":{"name":"(anonymous_0)","decl":{"start":{"line":18,"column":24},"end":{"line":18,"column":25}},"loc":{"start":{"line":18,"column":36},"end":{"line":32,"column":1}},"line":18},"1":{"name":"(anonymous_1)","decl":{"start":{"line":34,"column":20},"end":{"line":34,"column":21}},"loc":{"start":{"line":34,"column":41},"end":{"line":41,"column":1}},"line":34},"2":{"name":"(anonymous_2)","decl":{"start":{"line":44,"column":26},"end":{"line":44,"column":27}},"loc":{"start":{"line":44,"column":65},"end":{"line":72,"column":1}},"line":44},"3":{"name":"(anonymous_3)","decl":{"start":{"line":67,"column":21},"end":{"line":67,"column":22}},"loc":{"start":{"line":68,"column":8},"end":{"line":68,"column":75}},"line":68}},"branchMap":{"0":{"loc":{"start":{"line":19,"column":2},"end":{"line":21,"column":3}},"type":"if","locations":[{"start":{"line":19,"column":2},"end":{"line":21,"column":3}},{"start":{"line":19,"column":2},"end":{"line":21,"column":3}}],"line":19},"1":{"loc":{"start":{"line":22,"column":2},"end":{"line":26,"column":3}},"type":"if","locations":[{"start":{"line":22,"column":2},"end":{"line":26,"column":3}},{"start":{"line":22,"column":2},"end":{"line":26,"column":3}}],"line":22}},"s":{"0":1,"1":1,"2":8,"3":5,"4":3,"5":2,"6":2,"7":2,"8":1,"9":1,"10":1,"11":1,"12":1,"13":8,"14":1,"15":2,"16":2,"17":8},"f":{"0":8,"1":8,"2":2,"3":8},"b":{"0":[5,3],"1":[2,1]},"_coverageSchema":"1a1c01bbd47fc00a2c39e90264f33305004495a9","hash":"4557e13572eea9e501e38dcdfd6bf3b8d0d72ee6"}
,"C:\\Koulu\\MOOC Full-Stack\\osa10\\rate-repository-app\\src\\components\\RepositoryList\\RepositoryHeader.jsx": {"path":"C:\\Koulu\\MOOC Full-Stack\\osa10\\rate-repository-app\\src\\components\\RepositoryList\\RepositoryHeader.jsx","statementMap":{"0":{"start":{"line":6,"column":15},"end":{"line":12,"column":2}},"1":{"start":{"line":14,"column":25},"end":{"line":30,"column":1}},"2":{"start":{"line":20,"column":2},"end":{"line":29,"column":4}}},"fnMap":{"0":{"name":"(anonymous_0)","decl":{"start":{"line":14,"column":25},"end":{"line":14,"column":26}},"loc":{"start":{"line":19,"column":6},"end":{"line":30,"column":1}},"line":19}},"branchMap":{},"s":{"0":1,"1":1,"2":2},"f":{"0":2},"b":{},"_coverageSchema":"1a1c01bbd47fc00a2c39e90264f33305004495a9","hash":"2c7fd9ec10052d4d47806c12f38a35c13727ada0"}
,"C:\\Koulu\\MOOC Full-Stack\\osa10\\rate-repository-app\\src\\components\\RepositoryList\\RepositoryItem.jsx": {"path":"C:\\Koulu\\MOOC Full-Stack\\osa10\\rate-repository-app\\src\\components\\RepositoryList\\RepositoryItem.jsx","statementMap":{"0":{"start":{"line":6,"column":15},"end":{"line":12,"column":2}},"1":{"start":{"line":14,"column":23},"end":{"line":32,"column":1}},"2":{"start":{"line":16,"column":2},"end":{"line":31,"column":4}}},"fnMap":{"0":{"name":"(anonymous_0)","decl":{"start":{"line":14,"column":23},"end":{"line":14,"column":24}},"loc":{"start":{"line":14,"column":37},"end":{"line":32,"column":1}},"line":14}},"branchMap":{},"s":{"0":1,"1":1,"2":2},"f":{"0":2},"b":{},"_coverageSchema":"1a1c01bbd47fc00a2c39e90264f33305004495a9","hash":"5b31477852352267ea6e42353e6d7f81769aacb5"}
,"C:\\Koulu\\MOOC Full-Stack\\osa10\\rate-repository-app\\src\\components\\RepositoryList\\index.jsx": {"path":"C:\\Koulu\\MOOC Full-Stack\\osa10\\rate-repository-app\\src\\components\\RepositoryList\\index.jsx","statementMap":{"0":{"start":{"line":6,"column":15},"end":{"line":22,"column":2}},"1":{"start":{"line":24,"column":22},"end":{"line":24,"column":61}},"2":{"start":{"line":24,"column":28},"end":{"line":24,"column":61}},"3":{"start":{"line":26,"column":39},"end":{"line":43,"column":1}},"4":{"start":{"line":28,"column":26},"end":{"line":30,"column":8}},"5":{"start":{"line":29,"column":37},"end":{"line":29,"column":46}},"6":{"start":{"line":32,"column":2},"end":{"line":42,"column":4}},"7":{"start":{"line":38,"column":30},"end":{"line":38,"column":37}},"8":{"start":{"line":39,"column":24},"end":{"line":39,"column":31}},"9":{"start":{"line":45,"column":23},"end":{"line":62,"column":1}},"10":{"start":{"line":47,"column":35},"end":{"line":47,"column":52}},"11":{"start":{"line":49,"column":2},"end":{"line":49,"column":34}},"12":{"start":{"line":51,"column":2},"end":{"line":57,"column":3}},"13":{"start":{"line":52,"column":4},"end":{"line":56,"column":6}},"14":{"start":{"line":59,"column":2},"end":{"line":61,"column":4}}},"fnMap":{"0":{"name":"(anonymous_0)","decl":{"start":{"line":24,"column":22},"end":{"line":24,"column":23}},"loc":{"start":{"line":24,"column":28},"end":{"line":24,"column":61}},"line":24},"1":{"name":"(anonymous_1)","decl":{"start":{"line":26,"column":39},"end":{"line":26,"column":40}},"loc":{"start":{"line":26,"column":61},"end":{"line":43,"column":1}},"line":26},"2":{"name":"(anonymous_2)","decl":{"start":{"line":29,"column":29},"end":{"line":29,"column":30}},"loc":{"start":{"line":29,"column":37},"end":{"line":29,"column":46}},"line":29},"3":{"name":"(anonymous_3)","decl":{"start":{"line":38,"column":22},"end":{"line":38,"column":23}},"loc":{"start":{"line":38,"column":30},"end":{"line":38,"column":37}},"line":38},"4":{"name":"(anonymous_4)","decl":{"start":{"line":39,"column":16},"end":{"line":39,"column":17}},"loc":{"start":{"line":39,"column":24},"end":{"line":39,"column":31}},"line":39},"5":{"name":"(anonymous_5)","decl":{"start":{"line":45,"column":23},"end":{"line":45,"column":24}},"loc":{"start":{"line":45,"column":29},"end":{"line":62,"column":1}},"line":45}},"branchMap":{"0":{"loc":{"start":{"line":28,"column":26},"end":{"line":30,"column":8}},"type":"cond-expr","locations":[{"start":{"line":29,"column":6},"end":{"line":29,"column":47}},{"start":{"line":30,"column":6},"end":{"line":30,"column":8}}],"line":28},"1":{"loc":{"start":{"line":51,"column":2},"end":{"line":57,"column":3}},"type":"if","locations":[{"start":{"line":51,"column":2},"end":{"line":57,"column":3}},{"start":{"line":51,"column":2},"end":{"line":57,"column":3}}],"line":51}},"s":{"0":1,"1":1,"2":1,"3":1,"4":1,"5":2,"6":1,"7":2,"8":0,"9":1,"10":0,"11":0,"12":0,"13":0,"14":0},"f":{"0":1,"1":1,"2":2,"3":2,"4":0,"5":0},"b":{"0":[1,0],"1":[0,0]},"_coverageSchema":"1a1c01bbd47fc00a2c39e90264f33305004495a9","hash":"c546bef644007b28f2fe4f215a0e88a1545cafeb"}
,"C:\\Koulu\\MOOC Full-Stack\\osa10\\rate-repository-app\\src\\graphql\\fragments.js": {"path":"C:\\Koulu\\MOOC Full-Stack\\osa10\\rate-repository-app\\src\\graphql\\fragments.js","statementMap":{"0":{"start":{"line":3,"column":34},"end":{"line":19,"column":1}}},"fnMap":{},"branchMap":{},"s":{"0":1},"f":{},"b":{},"_coverageSchema":"1a1c01bbd47fc00a2c39e90264f33305004495a9","hash":"25b5b44f48e496ec1985676d1c5b5a9cfc5a7910"}
,"C:\\Koulu\\MOOC Full-Stack\\osa10\\rate-repository-app\\src\\graphql\\queries.js": {"path":"C:\\Koulu\\MOOC Full-Stack\\osa10\\rate-repository-app\\src\\graphql\\queries.js","statementMap":{"0":{"start":{"line":4,"column":32},"end":{"line":11,"column":1}},"1":{"start":{"line":13,"column":26},"end":{"line":20,"column":1}}},"fnMap":{},"branchMap":{},"s":{"0":1,"1":1},"f":{},"b":{},"_coverageSchema":"1a1c01bbd47fc00a2c39e90264f33305004495a9","hash":"20b41d7c5b097783c0580d04aa93946045317868"}
,"C:\\Koulu\\MOOC Full-Stack\\osa10\\rate-repository-app\\src\\hooks\\useRepositories.js": {"path":"C:\\Koulu\\MOOC Full-Stack\\osa10\\rate-repository-app\\src\\hooks\\useRepositories.js","statementMap":{"0":{"start":{"line":4,"column":24},"end":{"line":16,"column":1}},"1":{"start":{"line":6,"column":35},"end":{"line":11,"column":4}},"2":{"start":{"line":9,"column":6},"end":{"line":9,"column":25}},"3":{"start":{"line":13,"column":2},"end":{"line":13,"column":32}},"4":{"start":{"line":15,"column":2},"end":{"line":15,"column":27}}},"fnMap":{"0":{"name":"(anonymous_0)","decl":{"start":{"line":4,"column":24},"end":{"line":4,"column":25}},"loc":{"start":{"line":4,"column":30},"end":{"line":16,"column":1}},"line":4},"1":{"name":"(anonymous_1)","decl":{"start":{"line":8,"column":13},"end":{"line":8,"column":14}},"loc":{"start":{"line":8,"column":19},"end":{"line":10,"column":5}},"line":8}},"branchMap":{},"s":{"0":1,"1":0,"2":0,"3":0,"4":0},"f":{"0":0,"1":0},"b":{},"_coverageSchema":"1a1c01bbd47fc00a2c39e90264f33305004495a9","hash":"821aa815198cd14d51ba00865331348a32a42705"}
}
