TN:
SF:src\theme.js
FNF:0
FNH:0
DA:3,1
LF:1
LH:1
BRF:0
BRH:0
end_of_record
TN:
SF:src\components\Heading.jsx
FN:4,(anonymous_0)
FNF:1
FNH:1
FNDA:2,(anonymous_0)
DA:4,1
DA:6,2
LF:2
LH:2
BRF:0
BRH:0
end_of_record
TN:
SF:src\components\Text.jsx
FN:39,(anonymous_0)
FNF:1
FNH:1
FNDA:22,(anonymous_0)
DA:6,1
DA:39,1
DA:41,22
DA:54,22
LF:4
LH:4
BRDA:43,0,0,22
BRDA:43,0,1,0
BRDA:44,1,0,22
BRDA:44,1,1,2
BRDA:45,2,0,22
BRDA:45,2,1,0
BRDA:46,3,0,22
BRDA:46,3,1,2
BRDA:47,4,0,22
BRDA:47,4,1,2
BRDA:48,5,0,22
BRDA:48,5,1,2
BRDA:49,6,0,22
BRDA:49,6,1,0
BRDA:50,7,0,22
BRDA:50,7,1,10
BRF:16
BRH:13
end_of_record
TN:
SF:src\components\RepositoryList\Avatar.jsx
FN:18,(anonymous_0)
FNF:1
FNH:1
FNDA:2,(anonymous_0)
DA:4,1
DA:18,1
DA:19,2
LF:3
LH:3
BRF:0
BRH:0
end_of_record
TN:
SF:src\components\RepositoryList\RepoHeadings.jsx
FN:27,(anonymous_0)
FNF:1
FNH:1
FNDA:2,(anonymous_0)
DA:6,1
DA:27,1
DA:28,2
LF:3
LH:3
BRF:0
BRH:0
end_of_record
TN:
SF:src\components\RepositoryList\RepositoryDetails.jsx
FN:18,(anonymous_0)
FN:34,(anonymous_1)
FN:44,(anonymous_2)
FN:67,(anonymous_3)
FNF:4
FNH:4
FNDA:8,(anonymous_0)
FNDA:8,(anonymous_1)
FNDA:2,(anonymous_2)
FNDA:8,(anonymous_3)
DA:5,1
DA:18,1
DA:19,8
DA:20,5
DA:22,3
DA:23,2
DA:24,2
DA:25,2
DA:27,1
DA:28,1
DA:29,1
DA:31,1
DA:34,1
DA:35,8
DA:44,1
DA:46,2
DA:65,2
DA:68,8
LF:18
LH:18
BRDA:19,0,0,5
BRDA:19,0,1,3
BRDA:22,1,0,2
BRDA:22,1,1,1
BRF:4
BRH:4
end_of_record
TN:
SF:src\components\RepositoryList\RepositoryHeader.jsx
FN:14,(anonymous_0)
FNF:1
FNH:1
FNDA:2,(anonymous_0)
DA:6,1
DA:14,1
DA:20,2
LF:3
LH:3
BRF:0
BRH:0
end_of_record
TN:
SF:src\components\RepositoryList\RepositoryItem.jsx
FN:14,(anonymous_0)
FNF:1
FNH:1
FNDA:2,(anonymous_0)
DA:6,1
DA:14,1
DA:16,2
LF:3
LH:3
BRF:0
BRH:0
end_of_record
TN:
SF:src\components\RepositoryList\index.jsx
FN:24,(anonymous_0)
FN:26,(anonymous_1)
FN:29,(anonymous_2)
FN:38,(anonymous_3)
FN:39,(anonymous_4)
FN:45,(anonymous_5)
FNF:6
FNH:4
FNDA:1,(anonymous_0)
FNDA:1,(anonymous_1)
FNDA:2,(anonymous_2)
FNDA:2,(anonymous_3)
FNDA:0,(anonymous_4)
FNDA:0,(anonymous_5)
DA:6,1
DA:24,1
DA:26,1
DA:28,1
DA:29,2
DA:32,1
DA:38,2
DA:39,0
DA:45,1
DA:47,0
DA:49,0
DA:51,0
DA:52,0
DA:59,0
LF:14
LH:8
BRDA:28,0,0,1
BRDA:28,0,1,0
BRDA:51,1,0,0
BRDA:51,1,1,0
BRF:4
BRH:1
end_of_record
TN:
SF:src\graphql\fragments.js
FNF:0
FNH:0
DA:3,1
LF:1
LH:1
BRF:0
BRH:0
end_of_record
TN:
SF:src\graphql\queries.js
FNF:0
FNH:0
DA:4,1
DA:13,1
LF:2
LH:2
BRF:0
BRH:0
end_of_record
TN:
SF:src\hooks\useRepositories.js
FN:4,(anonymous_0)
FN:8,(anonymous_1)
FNF:2
FNH:0
FNDA:0,(anonymous_0)
FNDA:0,(anonymous_1)
DA:4,1
DA:6,0
DA:9,0
DA:13,0
DA:15,0
LF:5
LH:1
BRF:0
BRH:0
end_of_record
